::1 - - [26/Jun/2023:10:21:49 -0300] "GET / HTTP/1.1" 200 901
::1 - - [26/Jun/2023:10:21:50 -0300] "GET /favicon.ico HTTP/1.1" 404 209
::1 - - [26/Jun/2023:10:21:55 -0300] "GET /cadastro_produto_pagina.php HTTP/1.1" 200 3427
::1 - - [26/Jun/2023:10:21:55 -0300] "GET /style.css HTTP/1.1" 304 -
::1 - - [26/Jun/2023:10:21:55 -0300] "GET /assets/coppio_logo.png HTTP/1.1" 304 -
::1 - - [26/Jun/2023:10:22:09 -0300] "POST /back_cadastro_produto.php HTTP/1.1" 200 59
::1 - - [26/Jun/2023:10:23:03 -0300] "POST /back_cadastro_produto.php HTTP/1.1" 200 135
::1 - - [26/Jun/2023:10:23:04 -0300] "GET /cadastro_produtos_pagina.php/ HTTP/1.1" 404 227
::1 - - [26/Jun/2023:10:23:13 -0300] "GET /cadastro_produtos_pagina.php/ HTTP/1.1" 404 227
::1 - - [26/Jun/2023:10:23:14 -0300] "GET /cadastro_produtos_pagina.php/ HTTP/1.1" 404 227
::1 - - [26/Jun/2023:10:23:16 -0300] "POST /back_cadastro_produto.php HTTP/1.1" 200 134
::1 - - [26/Jun/2023:10:23:17 -0300] "GET /cadastro_produto_pagina.php/ HTTP/1.1" 200 3427
::1 - - [26/Jun/2023:10:23:17 -0300] "GET /cadastro_produto_pagina.php/style.css HTTP/1.1" 200 3427
::1 - - [26/Jun/2023:10:23:35 -0300] "POST /back_cadastro_produto.php HTTP/1.1" 200 133
::1 - - [26/Jun/2023:10:23:37 -0300] "GET /cadastro_produto_pagina.php HTTP/1.1" 200 3427
::1 - - [26/Jun/2023:10:25:34 -0300] "GET /phpmyadmin/ HTTP/1.1" 200 8194
::1 - - [26/Jun/2023:10:25:35 -0300] "GET /phpmyadmin/js/get_scripts.js.php?scripts[]=jquery/jquery-1.8.3.js&scripts[]=ajax.js&scripts[]=keyhandler.js&scripts[]=jquery/jquery-ui-1.9.2.custom.js&scripts[]=jquery/jquery.sprintf.js&scripts[]=jquery/jquery.cookie.js&scripts[]=jquery/jquery.mousewheel.js&scripts[]=jquery/jquery.event.drag-2.2.js&scripts[]=jquery/jquery-ui-timepicker-addon.js&scripts[]=jquery/jquery.ba-hashchange-1.3.js&scripts[]=jquery/jquery.debounce-1.0.5.js&scripts[]=jquery/jquery.menuResizer-1.0.js&scripts[]=rte.js&scripts[]=functions.js&scripts[]=navigation.js&scripts[]=indexes.js&scripts[]=common.js&scripts[]=codemirror/lib/codemirror.js&scripts[]=codemirror/mode/mysql/mysql.js HTTP/1.1" 200 578562
::1 - - [26/Jun/2023:10:25:35 -0300] "GET /phpmyadmin/phpmyadmin.css.php?server=1&token=8180fa76179b6757a115c76885cf6df9&nocache=4125152712ltr HTTP/1.1" 200 88608
::1 - - [26/Jun/2023:10:25:35 -0300] "GET /phpmyadmin/js/get_image.js.php?theme=pmahomme HTTP/1.1" 200 6263
::1 - - [26/Jun/2023:10:25:35 -0300] "GET /phpmyadmin/js/messages.php?lang=pt&db=&server=0&token=8180fa76179b6757a115c76885cf6df9 HTTP/1.1" 200 18103
::1 - - [26/Jun/2023:10:25:37 -0300] "POST /phpmyadmin/index.php HTTP/1.1" 302 -
::1 - - [26/Jun/2023:10:25:37 -0300] "GET /phpmyadmin/index.php?token=8180fa76179b6757a115c76885cf6df9 HTTP/1.1" 200 46949
::1 - - [26/Jun/2023:10:25:37 -0300] "GET /phpmyadmin/phpmyadmin.css.php?server=1&token=8180fa76179b6757a115c76885cf6df9&nocache=5812438404ltr HTTP/1.1" 200 88608
::1 - - [26/Jun/2023:10:25:38 -0300] "GET /phpmyadmin/version_check.php?&_nocache=1687785938165201593 HTTP/1.1" 200 39
::1 - - [26/Jun/2023:10:25:41 -0300] "GET /phpmyadmin/navigation.php?ajax_request=1&token=8180fa76179b6757a115c76885cf6df9&aPath=cm9vdA%3D%3D.Y29udHJvbGVfZXN0b3F1ZQ%3D%3D&vPath=cm9vdA%3D%3D.Y29udHJvbGVfZXN0b3F1ZQ%3D%3D&pos=0&pos2_name=&pos2_value=&searchClause=&searchClause2=&_nocache=1687785941855299676 HTTP/1.1" 200 2229
::1 - - [26/Jun/2023:10:25:59 -0300] "GET /phpmyadmin/sql.php?server=1&db=controle_estoque&table=material&pos=0&token=8180fa76179b6757a115c76885cf6df9&ajax_request=true&ajax_page_request=true&menuHashes=051f680e&_nocache=1687785959290766524 HTTP/1.1" 200 10574
::1 - - [26/Jun/2023:10:25:59 -0300] "GET /phpmyadmin/js/get_scripts.js.php?scripts[]=tbl_change.js&scripts[]=tbl_structure.js&scripts[]=gis_data_editor.js HTTP/1.1" 200 22203
::1 - - [26/Jun/2023:10:25:59 -0300] "GET /phpmyadmin/index.php?ajax_request=1&recent_table=1&token=8180fa76179b6757a115c76885cf6df9 HTTP/1.1" 200 377
::1 - - [26/Jun/2023:10:26:00 -0300] "GET /phpmyadmin/tbl_structure.php?db=controle_estoque&table=material&token=8180fa76179b6757a115c76885cf6df9&ajax_request=true&ajax_page_request=true&menuHashes=051f680e-b73922c5&_nocache=1687785960396585800 HTTP/1.1" 200 46904
::1 - - [26/Jun/2023:10:26:00 -0300] "GET /phpmyadmin/index.php?ajax_request=1&recent_table=1&token=8180fa76179b6757a115c76885cf6df9 HTTP/1.1" 200 377
::1 - - [26/Jun/2023:10:29:07 -0300] "GET /cadastro_produto_pagina.php HTTP/1.1" 200 3427
::1 - - [26/Jun/2023:10:29:07 -0300] "GET /cadastro_produto_pagina.php HTTP/1.1" 200 3427
::1 - - [26/Jun/2023:10:29:22 -0300] "POST /back_cadastro_produto.php HTTP/1.1" 200 589
::1 - - [26/Jun/2023:10:29:23 -0300] "GET /cadastro_produto_pagina.php HTTP/1.1" 200 3427
::1 - - [26/Jun/2023:10:29:44 -0300] "POST /back_cadastro_produto.php HTTP/1.1" 200 515
::1 - - [26/Jun/2023:10:30:08 -0300] "POST /back_cadastro_produto.php HTTP/1.1" 200 59
::1 - - [26/Jun/2023:10:35:08 -0300] "GET /cadastro_produto_pagina.php HTTP/1.1" 200 3379
::1 - - [26/Jun/2023:10:35:13 -0300] "POST /back_cadastro_produto.php HTTP/1.1" 200 59
::1 - - [26/Jun/2023:10:35:18 -0300] "GET /cadastro_produto_pagina.php HTTP/1.1" 200 3379
::1 - - [26/Jun/2023:10:35:20 -0300] "POST /back_cadastro_produto.php HTTP/1.1" 200 59
::1 - - [26/Jun/2023:10:35:26 -0300] "POST /back_cadastro_produto.php HTTP/1.1" 200 59
::1 - - [26/Jun/2023:10:46:01 -0300] "GET /cadastro_produto_pagina.php HTTP/1.1" 200 3379
::1 - - [26/Jun/2023:10:46:03 -0300] "POST /back_cadastro_produto.php HTTP/1.1" 200 59
::1 - - [26/Jun/2023:10:46:09 -0300] "POST /back_cadastro_produto.php HTTP/1.1" 200 59
::1 - - [26/Jun/2023:10:47:45 -0300] "POST /back_cadastro_produto.php HTTP/1.1" 200 59
::1 - - [26/Jun/2023:10:47:48 -0300] "GET /cadastro_produto_pagina.php HTTP/1.1" 200 3379
::1 - - [26/Jun/2023:10:47:49 -0300] "POST /back_cadastro_produto.php HTTP/1.1" 200 59
::1 - - [26/Jun/2023:10:49:14 -0300] "POST /back_cadastro_produto.php HTTP/1.1" 200 69
::1 - - [26/Jun/2023:10:50:10 -0300] "POST /back_cadastro_produto.php HTTP/1.1" 200 64
::1 - - [26/Jun/2023:10:50:36 -0300] "GET /phpmyadmin/ HTTP/1.1" 200 8194
::1 - - [26/Jun/2023:10:50:38 -0300] "POST /phpmyadmin/index.php HTTP/1.1" 302 -
::1 - - [26/Jun/2023:10:50:38 -0300] "GET /phpmyadmin/index.php?token=8180fa76179b6757a115c76885cf6df9 HTTP/1.1" 200 46949
::1 - - [26/Jun/2023:10:50:39 -0300] "GET /phpmyadmin/version_check.php?&_nocache=1687787439019670821 HTTP/1.1" 200 39
::1 - - [26/Jun/2023:10:50:42 -0300] "GET /phpmyadmin/navigation.php?ajax_request=1&token=8180fa76179b6757a115c76885cf6df9&aPath=cm9vdA%3D%3D.Y29udHJvbGVfZXN0b3F1ZQ%3D%3D&vPath=cm9vdA%3D%3D.Y29udHJvbGVfZXN0b3F1ZQ%3D%3D&pos=0&pos2_name=&pos2_value=&searchClause=&searchClause2=&_nocache=1687787442005780973 HTTP/1.1" 200 2229
::1 - - [26/Jun/2023:10:50:42 -0300] "GET /phpmyadmin/sql.php?server=1&db=controle_estoque&table=material&pos=0&token=8180fa76179b6757a115c76885cf6df9&ajax_request=true&ajax_page_request=true&menuHashes=051f680e&_nocache=1687787442972838282 HTTP/1.1" 200 10574
::1 - - [26/Jun/2023:10:50:43 -0300] "GET /phpmyadmin/index.php?ajax_request=1&recent_table=1&token=8180fa76179b6757a115c76885cf6df9 HTTP/1.1" 200 377
::1 - - [26/Jun/2023:10:50:44 -0300] "GET /phpmyadmin/tbl_structure.php?db=controle_estoque&table=material&token=8180fa76179b6757a115c76885cf6df9&ajax_request=true&ajax_page_request=true&menuHashes=051f680e-b73922c5&_nocache=168778744411596681 HTTP/1.1" 200 46904
::1 - - [26/Jun/2023:10:50:44 -0300] "GET /phpmyadmin/index.php?ajax_request=1&recent_table=1&token=8180fa76179b6757a115c76885cf6df9 HTTP/1.1" 200 377
::1 - - [26/Jun/2023:10:51:02 -0300] "POST /back_cadastro_produto.php HTTP/1.1" 200 110
::1 - - [26/Jun/2023:10:51:03 -0300] "GET /produtos.php/ HTTP/1.1" 404 211
::1 - - [26/Jun/2023:10:51:07 -0300] "GET /phpmyadmin/sql.php?db=controle_estoque&table=material&token=8180fa76179b6757a115c76885cf6df9&pos=0&ajax_request=true&ajax_page_request=true&menuHashes=051f680e-b73922c5-837d3fc8&_nocache=1687787467377380995 HTTP/1.1" 200 18133
::1 - - [26/Jun/2023:10:51:07 -0300] "GET /phpmyadmin/js/get_scripts.js.php?scripts[]=makegrid.js&scripts[]=sql.js HTTP/1.1" 200 35099
::1 - - [26/Jun/2023:10:51:07 -0300] "GET /phpmyadmin/index.php?ajax_request=1&recent_table=1&token=8180fa76179b6757a115c76885cf6df9 HTTP/1.1" 200 377
::1 - - [26/Jun/2023:10:52:20 -0300] "POST /back_cadastro_produto.php HTTP/1.1" 200 125
::1 - - [26/Jun/2023:10:52:22 -0300] "GET /cadastro_produto_pagina.php/ HTTP/1.1" 200 3379
::1 - - [26/Jun/2023:10:52:22 -0300] "GET /cadastro_produto_pagina.php/style.css HTTP/1.1" 200 3379
::1 - - [26/Jun/2023:10:52:27 -0300] "GET /cadastro_produto_pagina.php/ HTTP/1.1" 200 3379
::1 - - [26/Jun/2023:10:52:27 -0300] "GET /cadastro_produto_pagina.php/style.css HTTP/1.1" 200 3379
::1 - - [26/Jun/2023:10:52:29 -0300] "GET /cadastro_produto_pagina.php HTTP/1.1" 200 3379
::1 - - [26/Jun/2023:10:52:33 -0300] "GET /cadastro_produto_pagina.php HTTP/1.1" 200 3379
::1 - - [26/Jun/2023:10:52:41 -0300] "GET /phpmyadmin/index.php?token=8180fa76179b6757a115c76885cf6df9 HTTP/1.1" 200 46949
::1 - - [26/Jun/2023:10:52:42 -0300] "GET /phpmyadmin/sql.php?db=controle_estoque&table=material&server=1&target=&token=8180fa76179b6757a115c76885cf6df9 HTTP/1.1" 200 32560
::1 - - [26/Jun/2023:10:52:42 -0300] "GET /phpmyadmin/js/get_scripts.js.php?scripts[]=jquery/jquery-1.8.3.js&scripts[]=ajax.js&scripts[]=keyhandler.js&scripts[]=jquery/jquery-ui-1.9.2.custom.js&scripts[]=jquery/jquery.sprintf.js&scripts[]=jquery/jquery.cookie.js&scripts[]=jquery/jquery.mousewheel.js&scripts[]=jquery/jquery.event.drag-2.2.js&scripts[]=jquery/jquery-ui-timepicker-addon.js&scripts[]=jquery/jquery.ba-hashchange-1.3.js&scripts[]=jquery/jquery.debounce-1.0.5.js&scripts[]=jquery/jquery.menuResizer-1.0.js&scripts[]=rte.js&scripts[]=functions.js&scripts[]=navigation.js&scripts[]=indexes.js&scripts[]=common.js&scripts[]=tbl_change.js&scripts[]=tbl_structure.js&scripts[]=gis_data_editor.js&scripts[]=makegrid.js&scripts[]=sql.js&scripts[]=codemirror/lib/codemirror.js&scripts[]=codemirror/mode/mysql/mysql.js HTTP/1.1" 200 635864
::1 - - [26/Jun/2023:10:52:42 -0300] "GET /phpmyadmin/js/messages.php?lang=pt&db=controle_estoque&token=8180fa76179b6757a115c76885cf6df9 HTTP/1.1" 200 18103
::1 - - [26/Jun/2023:10:52:42 -0300] "GET /phpmyadmin/index.php?ajax_request=1&recent_table=1&token=8180fa76179b6757a115c76885cf6df9 HTTP/1.1" 200 377
::1 - - [26/Jun/2023:12:11:11 -0300] "POST /back_cadastro_produto.php HTTP/1.1" 200 124
::1 - - [26/Jun/2023:12:11:13 -0300] "GET /cadastro_produto_pagina.php HTTP/1.1" 200 3379
::1 - - [26/Jun/2023:12:11:14 -0300] "GET /phpmyadmin/sql.php?db=controle_estoque&table=material&server=1&target=&token=8180fa76179b6757a115c76885cf6df9 HTTP/1.1" 200 8348
::1 - - [26/Jun/2023:12:11:15 -0300] "GET /phpmyadmin/js/get_scripts.js.php?scripts[]=jquery/jquery-1.8.3.js&scripts[]=ajax.js&scripts[]=keyhandler.js&scripts[]=jquery/jquery-ui-1.9.2.custom.js&scripts[]=jquery/jquery.sprintf.js&scripts[]=jquery/jquery.cookie.js&scripts[]=jquery/jquery.mousewheel.js&scripts[]=jquery/jquery.event.drag-2.2.js&scripts[]=jquery/jquery-ui-timepicker-addon.js&scripts[]=jquery/jquery.ba-hashchange-1.3.js&scripts[]=jquery/jquery.debounce-1.0.5.js&scripts[]=jquery/jquery.menuResizer-1.0.js&scripts[]=rte.js&scripts[]=functions.js&scripts[]=navigation.js&scripts[]=indexes.js&scripts[]=common.js&scripts[]=codemirror/lib/codemirror.js&scripts[]=codemirror/mode/mysql/mysql.js HTTP/1.1" 200 578562
::1 - - [26/Jun/2023:12:11:15 -0300] "GET /phpmyadmin/sql.php?db=controle_estoque&table=material&server=1&target=&token=8180fa76179b6757a115c76885cf6df9 HTTP/1.1" 200 8348
::1 - - [26/Jun/2023:12:11:17 -0300] "POST /phpmyadmin/index.php HTTP/1.1" 302 -
::1 - - [26/Jun/2023:12:11:17 -0300] "GET /phpmyadmin/index.php?db=controle_estoque&table=material&target=sql.php&token=8180fa76179b6757a115c76885cf6df9 HTTP/1.1" 200 35193
::1 - - [26/Jun/2023:12:11:18 -0300] "GET /phpmyadmin/js/get_scripts.js.php?scripts[]=jquery/jquery-1.8.3.js&scripts[]=ajax.js&scripts[]=keyhandler.js&scripts[]=jquery/jquery-ui-1.9.2.custom.js&scripts[]=jquery/jquery.sprintf.js&scripts[]=jquery/jquery.cookie.js&scripts[]=jquery/jquery.mousewheel.js&scripts[]=jquery/jquery.event.drag-2.2.js&scripts[]=jquery/jquery-ui-timepicker-addon.js&scripts[]=jquery/jquery.ba-hashchange-1.3.js&scripts[]=jquery/jquery.debounce-1.0.5.js&scripts[]=jquery/jquery.menuResizer-1.0.js&scripts[]=rte.js&scripts[]=functions.js&scripts[]=navigation.js&scripts[]=indexes.js&scripts[]=common.js&scripts[]=tbl_change.js&scripts[]=tbl_structure.js&scripts[]=gis_data_editor.js&scripts[]=makegrid.js&scripts[]=sql.js&scripts[]=codemirror/lib/codemirror.js&scripts[]=codemirror/mode/mysql/mysql.js HTTP/1.1" 200 635864
::1 - - [26/Jun/2023:12:11:18 -0300] "GET /phpmyadmin/js/messages.php?lang=pt&db=controle_estoque&server=0&token=8180fa76179b6757a115c76885cf6df9 HTTP/1.1" 200 18103
::1 - - [26/Jun/2023:12:11:18 -0300] "GET /phpmyadmin/index.php?ajax_request=1&recent_table=1&token=8180fa76179b6757a115c76885cf6df9 HTTP/1.1" 200 377
::1 - - [26/Jun/2023:12:11:29 -0300] "GET /phpmyadmin/index.php?db=controle_estoque&table=material&target=sql.php&token=8180fa76179b6757a115c76885cf6df9 HTTP/1.1" 200 35193
::1 - - [26/Jun/2023:12:11:29 -0300] "GET /phpmyadmin/index.php?db=controle_estoque&table=material&server=1&target=sql.php&token=8180fa76179b6757a115c76885cf6df9 HTTP/1.1" 200 35158
::1 - - [26/Jun/2023:12:11:30 -0300] "GET /phpmyadmin/index.php?ajax_request=1&recent_table=1&token=8180fa76179b6757a115c76885cf6df9 HTTP/1.1" 200 377
::1 - - [26/Jun/2023:12:11:59 -0300] "POST /back_cadastro_produto.php HTTP/1.1" 200 124
::1 - - [26/Jun/2023:12:12:01 -0300] "GET /cadastro_produto_pagina.php HTTP/1.1" 200 3379
::1 - - [26/Jun/2023:12:12:02 -0300] "GET /phpmyadmin/index.php?db=controle_estoque&table=material&server=1&target=sql.php&token=8180fa76179b6757a115c76885cf6df9 HTTP/1.1" 200 37769
::1 - - [26/Jun/2023:12:12:03 -0300] "GET /phpmyadmin/index.php?db=controle_estoque&table=material&server=1&target=sql.php&token=8180fa76179b6757a115c76885cf6df9 HTTP/1.1" 200 37769
::1 - - [26/Jun/2023:12:12:03 -0300] "GET /phpmyadmin/index.php?ajax_request=1&recent_table=1&token=8180fa76179b6757a115c76885cf6df9 HTTP/1.1" 200 377
::1 - - [26/Jun/2023:12:23:42 -0300] "GET / HTTP/1.1" 200 901
::1 - - [26/Jun/2023:12:23:44 -0300] "GET /login.php HTTP/1.1" 200 1666
::1 - - [26/Jun/2023:12:23:54 -0300] "GET /cadastro_produto_pagina.php HTTP/1.1" 200 3379
::1 - - [26/Jun/2023:12:24:20 -0300] "GET /cadastro_produto_pagina.php HTTP/1.1" 200 3427
::1 - - [26/Jun/2023:12:24:45 -0300] "GET /cadastro_produto_pagina.php HTTP/1.1" 200 3419
::1 - - [26/Jun/2023:12:24:51 -0300] "GET /cadastro_produto_pagina.php HTTP/1.1" 200 3427
