2023-06-20 11:18:58 :498 [10t4]4P0ug[ione 'FlEgDE RFADTRETDD' iisd dibsea.b
led.
202330--0061-20 141 5354281 4[Noteo]e  InnooDB :h  Theo InmnmoDB hmap oiys edi sabdledbed
2023-06-20 23-50:6- 20040 [No8t4e ]5 8I[nnoeD In nute:xMetsx saand  wrwo_klocks  iuse W inndrows ei ntecrloosc
ked functions
2023-06-20 210583:096-5280 N1t1]:5n8oDB9: Compr[essee d naolDsBuseC zpleisbd t.a.bl
es use zlib 1.2.3
202320623- 06-52:491 35828 [1No4t eN ontoe]  IonnuoDBg:C UNcrcu32 giCnUstrru2citiorncsons
2023-06-20 11:58:49 3528 [Note] InnoD20 Ini6t2i a1liz:in g0 b0ufNfer] IpoooBl ,n siazie n=  u1f28.p0oM, 
size = 128.0M
2023-06-20 11:58:49 3528 [Note] 2nno0B:3- Co2ple0ed init:i9 aliz0atione] fIbuffDe: Comple
ted initialization of buffer pool
2023-06-20 11:58:49 10440 [ERROR] InnoDB: C:\Users\evand\Downloads\Controle_de_estoque\mysql\data\ibdata1 can't be opened in read-write mode
2023-06-20 11:58:49 10440 [ERROR] InnoDB: The system tablespace must be writable!
2023-06-20 11:58:49 10440 [ERROR] Plugin 'InnoDB' init function returned error.
2023-06-20 11:58:49 10440 [ERROR] Plugin 'InnoDB' registration as a STORAGE ENGINE failed.
2023-06-20 11:58:49 10440 [ERROR] Unknown/unsupported storage engine: InnoDB
2023-06-20 11:58:49 10440 [ERROR] Aborting

2023-06-20 11:58:49 10440 [Note] Binlog end
2023-06-20 11:58:49 10440 [Note] Shutting down plugin 'partition'
2023-06-20 11:58:49 10440 [Note] Shutting down plugin 'PERFORMANCE_SCHEMA'
2023-06-20 11:58:49 10440 [Note] Shutting down plugin 'INNODB_SYS_DATAFILES'
2023-06-20 11:58:49 10440 [Note] Shutting down plugin 'INNODB_SYS_TABLESPACES'
2023-06-20 11:58:49 10440 [Note] Shutting down plugin 'INNODB_SYS_FOREIGN_COLS'
2023-06-20 11:58:49 10440 [Note] Shutting down plugin 'INNODB_SYS_FOREIGN'
2023-06-20 11:58:49 10440 [Note] Shutting down plugin 'INNODB_SYS_FIELDS'
2023-06-20 11:58:49 10440 [Note] Shutting down plugin 'INNODB_SYS_COLUMNS'
2023-06-20 11:58:49 10440 [Note] Shutting down plugin 'INNODB_SYS_INDEXES'
2023-06-20 11:58:49 10440 [Note] Shutting down plugin 'INNODB_SYS_TABLESTATS'
2023-06-20 11:58:49 10440 [Note] Shutting down plugin 'INNODB_SYS_TABLES'
2023-06-20 11:58:49 10440 [Note] Shutting down plugin 'INNODB_FT_INDEX_TABLE'
2023-06-20 11:58:49 10440 [Note] Shutting down plugin 'INNODB_FT_INDEX_CACHE'
2023-06-20 11:58:49 10440 [Note] Shutting down plugin 'INNODB_FT_CONFIG'
2023-06-20 11:58:49 10440 [Note] Shutting down plugin 'INNODB_FT_BEING_DELETED'
2023-06-20 11:58:49 10440 [Note] Shutting down plugin 'INNODB_FT_DELETED'
2023-06-20 11:58:49 10440 [Note] Shutting down plugin 'INNODB_FT_DEFAULT_STOPWORD'
2023-06-20 11:58:49 10440 [Note] Shutting down plugin 'INNODB_METRICS'
2023-06-20 11:58:49 10440 [Note] Shutting down plugin 'INNODB_BUFFER_POOL_STATS'
2023-06-20 11:58:49 10440 [Note] Shutting down plugin 'INNODB_BUFFER_PAGE_LRU'
2023-06-20 11:58:49 10440 [Note] Shutting down plugin 'INNODB_BUFFER_PAGE'
2023-06-20 11:58:49 10440 [Note] Shutting down plugin 'INNODB_CMP_PER_INDEX_RESET'
2023-06-20 11:58:49 10440 [Note] Shutting down plugin 'INNODB_CMP_PER_INDEX'
2023-06-20 11:58:49 10440 [Note] Shutting down plugin 'INNODB_CMPMEM_RESET'
2023-06-20 11:58:49 10440 [Note] Shutting down plugin 'INNODB_CMPMEM'
2023-06-20 11:52:423-06-20 o1:e5 8n:o4B9 10440st [Note] Sh utting doawn plugriacu'da.DB_CMP_RESET'
2023-06-20 11:58:49 10440 [Note] Shutting down plugin 'INNODB_CMP'
2023-06-20 11:58:49 10440 [Not2] 23-S6-20 i11:58:4 9 3528  [Note] InnoDB: TT'e log sequence numbers 1626134 and 1626134 in ibdata files do not match the log sequence number 1878966 in the ib_logfiles!
2023-06-20 11:58:49 10440 [Note] Shuttin2023wn06-2 p11l58g:49 352O8B_LNOCKS'InoDB: Database was not shutdown normally!
2023-06-20 11:58:49 10440 [Note] Shuttin2 do23-0pl-2gin '0N O1B1T:58:
49 3528 [Note] InnoDB: Starting crash recovery.
2023-06-20 11:58:49 10440 [Note] Shutting down plugin 'BLACKHOLE'
2023-06-20 11:58:49 3528 [Note] InnoDB: Reading tables2a023-n6-o2ma 11:t8:o49 104 4h0 [iNd tef ihuttles...
n plugin 'ARCHIVE'
2023-06-20 11:58:49 10440 [Note] Shutting down plugin 'MRG_MYISAM'
2023-06-20 11:58:49 10440 [Note] Shutting down plugin 'MyISAM'
2023-06-20 11:58:49 10440 [Note] Shutting down plugin 'MEMORY'
2023-06-20 11:58:49 10440 [Note] Shutting down plugin 'CSV'
2023-06-20 11:58:49 10440 [Note] Shutting down plugin 'sha256_password'
2023-06-20 11:58:49 10440 [Note] Shutting down plugin 'mysql_old_password'
2023-06-20 11:58:49 10440 [Note] Shutting down plugin 'mysql_native_password'
2023-06-20 11:58:49 10440 [Note] Shutting down plugin 'binlog'
2023-06-20 11:58:49 10440 [Note] C:\Users\evand\Downloads\Controle_de_estoque/mysql/bin/mysqld_usbwv8.exe: Shutdown complete

2023-06-20 11:58:49 3528 [Note] InnoDB: Restoring possible half-written data pages 
2023-06-20 11:58:49 3528 [Note] InnoDB: from the doublewrite buffer...
2023-06-20 11:58:49 3528 [ERROR] InnoDB: Table aula1/alunos in the InnoDB data dictionary has tablespace id 10, but tablespace with that id or name does not exist. Have you deleted or moved .ibd files? This may also be a table created with CREATE TEMPORARY TABLE whose .ibd and .frm files MySQL automatically removed, but the table still exists in the InnoDB internal data dictionary.
InnoDB: Please refer to
InnoDB: http://dev.mysql.com/doc/refman/5.6/en/innodb-troubleshooting-datadict.html
InnoDB: for how to resolve the issue.
2023-06-20 11:58:49 3528 [ERROR] InnoDB: Table cliente/fornecedor in the InnoDB data dictionary has tablespace id 8, but tablespace with that id or name does not exist. Have you deleted or moved .ibd files? This may also be a table created with CREATE TEMPORARY TABLE whose .ibd and .frm files MySQL automatically removed, but the table still exists in the InnoDB internal data dictionary.
InnoDB: Please refer to
InnoDB: http://dev.mysql.com/doc/refman/5.6/en/innodb-troubleshooting-datadict.html
InnoDB: for how to resolve the issue.
2023-06-20 11:58:49 3528 [ERROR] InnoDB: Table cliente/funcionario in the InnoDB data dictionary has tablespace id 13, but tablespace with that id or name does not exist. Have you deleted or moved .ibd files? This may also be a table created with CREATE TEMPORARY TABLE whose .ibd and .frm files MySQL automatically removed, but the table still exists in the InnoDB internal data dictionary.
InnoDB: Please refer to
InnoDB: http://dev.mysql.com/doc/refman/5.6/en/innodb-troubleshooting-datadict.html
InnoDB: for how to resolve the issue.
2023-06-20 11:58:49 3528 [ERROR] InnoDB: Table cliente/produto in the InnoDB data dictionary has tablespace id 12, but tablespace with that id or name does not exist. Have you deleted or moved .ibd files? This may also be a table created with CREATE TEMPORARY TABLE whose .ibd and .frm files MySQL automatically removed, but the table still exists in the InnoDB internal data dictionary.
InnoDB: Please refer to
InnoDB: http://dev.mysql.com/doc/refman/5.6/en/innodb-troubleshooting-datadict.html
InnoDB: for how to resolve the issue.
2023-06-20 11:58:49 3528 [ERROR] InnoDB: Table cliente/vendas in the InnoDB data dictionary has tablespace id 11, but tablespace with that id or name does not exist. Have you deleted or moved .ibd files? This may also be a table created with CREATE TEMPORARY TABLE whose .ibd and .frm files MySQL automatically removed, but the table still exists in the InnoDB internal data dictionary.
InnoDB: Please refer to
InnoDB: http://dev.mysql.com/doc/refman/5.6/en/innodb-troubleshooting-datadict.html
InnoDB: for how to resolve the issue.
2023-06-20 11:58:49 3528 [ERROR] InnoDB: Table cliente1/alunos in the InnoDB data dictionary has tablespace id 14, but tablespace with that id or name does not exist. Have you deleted or moved .ibd files? This may also be a table created with CREATE TEMPORARY TABLE whose .ibd and .frm files MySQL automatically removed, but the table still exists in the InnoDB internal data dictionary.
InnoDB: Please refer to
InnoDB: http://dev.mysql.com/doc/refman/5.6/en/innodb-troubleshooting-datadict.html
InnoDB: for how to resolve the issue.
2023-06-20 11:58:49 3528 [ERROR] InnoDB: Table escola/alunos in the InnoDB data dictionary has tablespace id 15, but tablespace with that id or name does not exist. Have you deleted or moved .ibd files? This may also be a table created with CREATE TEMPORARY TABLE whose .ibd and .frm files MySQL automatically removed, but the table still exists in the InnoDB internal data dictionary.
InnoDB: Please refer to
InnoDB: http://dev.mysql.com/doc/refman/5.6/en/innodb-troubleshooting-datadict.html
InnoDB: for how to resolve the issue.
2023-06-20 11:58:49 3528 [ERROR] InnoDB: Table escola/funcionarios in the InnoDB data dictionary has tablespace id 16, but tablespace with that id or name does not exist. Have you deleted or moved .ibd files? This may also be a table created with CREATE TEMPORARY TABLE whose .ibd and .frm files MySQL automatically removed, but the table still exists in the InnoDB internal data dictionary.
InnoDB: Please refer to
InnoDB: http://dev.mysql.com/doc/refman/5.6/en/innodb-troubleshooting-datadict.html
InnoDB: for how to resolve the issue.
2023-06-20 11:58:49 3528 [Note] InnoDB: 128 rollback segment(s) are active.
2023-06-20 11:58:49 3528 [Note] InnoDB: Waiting for purge to start
2023-06-20 11:58:49 3528 [Note] InnoDB: 5.6.13 started; log sequence number 1878966
2023-06-20 11:58:49 3528 [Note] Server hostname (bind-address): '*'; port: 3307
2023-06-20 11:58:49 3528 [Note] IPv6 is available.
2023-06-20 11:58:49 3528 [Note]   - '::' resolves to '::';
2023-06-20 11:58:49 3528 [Note] Server socket created on IP: '::'.
2023-06-20 11:59:12 15640 [Note] Plugin 'FEDERATED' is disabled.
2023-06-20 11:59:12 15640 [Note] InnoDB: The InnoDB memory heap is disabled
2023-06-20 11:59:12 15640 [Note] InnoDB: Mutexes and rw_locks use Windows interlocked functions
2023-06-20 11:59:12 15640 [Note] InnoDB: Compressed tables use zlib 1.2.3
2023-06-20 11:59:12 15640 [Note] InnoDB: Not using CPU crc32 instructions
2023-06-20 11:59:12 15640 [Note] InnoDB: Initializing buffer pool, size = 128.0M
2023-06-20 11:59:12 15640 [Note] InnoDB: Completed initialization of buffer pool
2023-06-20 11:59:12 15640 [Note] InnoDB: Highest supported file format is Barracuda.
2023-06-20 11:59:12 15640 [Note] InnoDB: Log scan progressed past the checkpoint lsn 1878966
2023-06-20 11:59:12 15640 [Note] InnoDB: Database was not shutdown normally!
2023-06-20 11:59:12 15640 [Note] InnoDB: Starting crash recovery.
2023-06-20 11:59:12 15640 [Note] InnoDB: Reading tablespace information from the .ibd files...
2023-06-20 11:59:12 15640 [Note] InnoDB: Restoring possible half-written data pages 
2023-06-20 11:59:12 15640 [Note] InnoDB: from the doublewrite buffer...
InnoDB: Doing recovery: scanned up to log sequence number 1878976
2023-06-20 11:59:12 15640 [ERROR] InnoDB: Table aula1/alunos in the InnoDB data dictionary has tablespace id 10, but tablespace with that id or name does not exist. Have you deleted or moved .ibd files? This may also be a table created with CREATE TEMPORARY TABLE whose .ibd and .frm files MySQL automatically removed, but the table still exists in the InnoDB internal data dictionary.
InnoDB: Please refer to
InnoDB: http://dev.mysql.com/doc/refman/5.6/en/innodb-troubleshooting-datadict.html
InnoDB: for how to resolve the issue.
2023-06-20 11:59:12 15640 [ERROR] InnoDB: Table cliente/fornecedor in the InnoDB data dictionary has tablespace id 8, but tablespace with that id or name does not exist. Have you deleted or moved .ibd files? This may also be a table created with CREATE TEMPORARY TABLE whose .ibd and .frm files MySQL automatically removed, but the table still exists in the InnoDB internal data dictionary.
InnoDB: Please refer to
InnoDB: http://dev.mysql.com/doc/refman/5.6/en/innodb-troubleshooting-datadict.html
InnoDB: for how to resolve the issue.
2023-06-20 11:59:12 15640 [ERROR] InnoDB: Table cliente/funcionario in the InnoDB data dictionary has tablespace id 13, but tablespace with that id or name does not exist. Have you deleted or moved .ibd files? This may also be a table created with CREATE TEMPORARY TABLE whose .ibd and .frm files MySQL automatically removed, but the table still exists in the InnoDB internal data dictionary.
InnoDB: Please refer to
InnoDB: http://dev.mysql.com/doc/refman/5.6/en/innodb-troubleshooting-datadict.html
InnoDB: for how to resolve the issue.
2023-06-20 11:59:12 15640 [ERROR] InnoDB: Table cliente/produto in the InnoDB data dictionary has tablespace id 12, but tablespace with that id or name does not exist. Have you deleted or moved .ibd files? This may also be a table created with CREATE TEMPORARY TABLE whose .ibd and .frm files MySQL automatically removed, but the table still exists in the InnoDB internal data dictionary.
InnoDB: Please refer to
InnoDB: http://dev.mysql.com/doc/refman/5.6/en/innodb-troubleshooting-datadict.html
InnoDB: for how to resolve the issue.
2023-06-20 11:59:12 15640 [ERROR] InnoDB: Table cliente/vendas in the InnoDB data dictionary has tablespace id 11, but tablespace with that id or name does not exist. Have you deleted or moved .ibd files? This may also be a table created with CREATE TEMPORARY TABLE whose .ibd and .frm files MySQL automatically removed, but the table still exists in the InnoDB internal data dictionary.
InnoDB: Please refer to
InnoDB: http://dev.mysql.com/doc/refman/5.6/en/innodb-troubleshooting-datadict.html
InnoDB: for how to resolve the issue.
2023-06-20 11:59:12 15640 [ERROR] InnoDB: Table cliente1/alunos in the InnoDB data dictionary has tablespace id 14, but tablespace with that id or name does not exist. Have you deleted or moved .ibd files? This may also be a table created with CREATE TEMPORARY TABLE whose .ibd and .frm files MySQL automatically removed, but the table still exists in the InnoDB internal data dictionary.
InnoDB: Please refer to
InnoDB: http://dev.mysql.com/doc/refman/5.6/en/innodb-troubleshooting-datadict.html
InnoDB: for how to resolve the issue.
2023-06-20 11:59:12 15640 [ERROR] InnoDB: Table escola/alunos in the InnoDB data dictionary has tablespace id 15, but tablespace with that id or name does not exist. Have you deleted or moved .ibd files? This may also be a table created with CREATE TEMPORARY TABLE whose .ibd and .frm files MySQL automatically removed, but the table still exists in the InnoDB internal data dictionary.
InnoDB: Please refer to
InnoDB: http://dev.mysql.com/doc/refman/5.6/en/innodb-troubleshooting-datadict.html
InnoDB: for how to resolve the issue.
2023-06-20 11:59:12 15640 [ERROR] InnoDB: Table escola/funcionarios in the InnoDB data dictionary has tablespace id 16, but tablespace with that id or name does not exist. Have you deleted or moved .ibd files? This may also be a table created with CREATE TEMPORARY TABLE whose .ibd and .frm files MySQL automatically removed, but the table still exists in the InnoDB internal data dictionary.
InnoDB: Please refer to
InnoDB: http://dev.mysql.com/doc/refman/5.6/en/innodb-troubleshooting-datadict.html
InnoDB: for how to resolve the issue.
2023-06-20 11:59:12 15640 [Note] InnoDB: 128 rollback segment(s) are active.
2023-06-20 11:59:12 15640 [Note] InnoDB: Waiting for purge to start
2023-06-20 11:59:12 15640 [Note] InnoDB: 5.6.13 started; log sequence number 1878976
2023-06-20 11:59:12 15640 [Note] Server hostname (bind-address): '*'; port: 3307
2023-06-20 11:59:12 15640 [Note] IPv6 is available.
2023-06-20 11:59:12 15640 [Note]   - '::' resolves to '::';
2023-06-20 11:59:12 15640 [Note] Server socket created on IP: '::'.
2023-06-21 15:03:10 9236 [Note] Plugin 'FEDERATED' is disabled.
2023-06-21 15:03:10 9236 [Note] InnoDB: The InnoDB memory heap is disabled
2023-06-21 15:03:10 9236 [Note] InnoDB: Mutexes and rw_locks use Windows interlocked functions
2023-06-21 15:03:10 9236 [Note] InnoDB: Compressed tables use zlib 1.2.3
2023-06-21 15:03:10 9236 [Note] InnoDB: Not using CPU crc32 instructions
2023-06-21 15:03:10 9236 [Note] InnoDB: Initializing buffer pool, size = 128.0M
2023-06-21 15:03:10 9236 [Note] InnoDB: Completed initialization of buffer pool
2023-06-21 15:03:10 9236 [Note] InnoDB: Highest supported file format is Barracuda.
2023-06-21 15:03:10 9236 [Note] InnoDB: The log sequence numbers 1626134 and 1626134 in ibdata files do not match the log sequence number 1885147 in the ib_logfiles!
2023-06-21 15:03:10 9236 [Note] InnoDB: Database was not shutdown normally!
2023-06-21 15:03:10 9236 [Note] InnoDB: Starting crash recovery.
2023-06-21 15:03:10 9236 [Note] InnoDB: Reading tablespace information from the .ibd files...
2023-06-21 15:03:10 9236 [Note] InnoDB: Restoring possible half-written data pages 
2023-06-21 15:03:10 9236 [Note] InnoDB: from the doublewrite buffer...
2023-06-21 15:03:10 9236 [ERROR] InnoDB: Table aula1/alunos in the InnoDB data dictionary has tablespace id 10, but tablespace with that id or name does not exist. Have you deleted or moved .ibd files? This may also be a table created with CREATE TEMPORARY TABLE whose .ibd and .frm files MySQL automatically removed, but the table still exists in the InnoDB internal data dictionary.
InnoDB: Please refer to
InnoDB: http://dev.mysql.com/doc/refman/5.6/en/innodb-troubleshooting-datadict.html
InnoDB: for how to resolve the issue.
2023-06-21 15:03:10 9236 [ERROR] InnoDB: Table cliente/fornecedor in the InnoDB data dictionary has tablespace id 8, but tablespace with that id or name does not exist. Have you deleted or moved .ibd files? This may also be a table created with CREATE TEMPORARY TABLE whose .ibd and .frm files MySQL automatically removed, but the table still exists in the InnoDB internal data dictionary.
InnoDB: Please refer to
InnoDB: http://dev.mysql.com/doc/refman/5.6/en/innodb-troubleshooting-datadict.html
InnoDB: for how to resolve the issue.
2023-06-21 15:03:10 9236 [ERROR] InnoDB: Table cliente/funcionario in the InnoDB data dictionary has tablespace id 13, but tablespace with that id or name does not exist. Have you deleted or moved .ibd files? This may also be a table created with CREATE TEMPORARY TABLE whose .ibd and .frm files MySQL automatically removed, but the table still exists in the InnoDB internal data dictionary.
InnoDB: Please refer to
InnoDB: http://dev.mysql.com/doc/refman/5.6/en/innodb-troubleshooting-datadict.html
InnoDB: for how to resolve the issue.
2023-06-21 15:03:10 9236 [ERROR] InnoDB: Table cliente/produto in the InnoDB data dictionary has tablespace id 12, but tablespace with that id or name does not exist. Have you deleted or moved .ibd files? This may also be a table created with CREATE TEMPORARY TABLE whose .ibd and .frm files MySQL automatically removed, but the table still exists in the InnoDB internal data dictionary.
InnoDB: Please refer to
InnoDB: http://dev.mysql.com/doc/refman/5.6/en/innodb-troubleshooting-datadict.html
InnoDB: for how to resolve the issue.
2023-06-21 15:03:10 9236 [ERROR] InnoDB: Table cliente/vendas in the InnoDB data dictionary has tablespace id 11, but tablespace with that id or name does not exist. Have you deleted or moved .ibd files? This may also be a table created with CREATE TEMPORARY TABLE whose .ibd and .frm files MySQL automatically removed, but the table still exists in the InnoDB internal data dictionary.
InnoDB: Please refer to
InnoDB: http://dev.mysql.com/doc/refman/5.6/en/innodb-troubleshooting-datadict.html
InnoDB: for how to resolve the issue.
2023-06-21 15:03:10 9236 [ERROR] InnoDB: Table cliente1/alunos in the InnoDB data dictionary has tablespace id 14, but tablespace with that id or name does not exist. Have you deleted or moved .ibd files? This may also be a table created with CREATE TEMPORARY TABLE whose .ibd and .frm files MySQL automatically removed, but the table still exists in the InnoDB internal data dictionary.
InnoDB: Please refer to
InnoDB: http://dev.mysql.com/doc/refman/5.6/en/innodb-troubleshooting-datadict.html
InnoDB: for how to resolve the issue.
2023-06-21 15:03:10 9236 [ERROR] InnoDB: Table escola/alunos in the InnoDB data dictionary has tablespace id 15, but tablespace with that id or name does not exist. Have you deleted or moved .ibd files? This may also be a table created with CREATE TEMPORARY TABLE whose .ibd and .frm files MySQL automatically removed, but the table still exists in the InnoDB internal data dictionary.
InnoDB: Please refer to
InnoDB: http://dev.mysql.com/doc/refman/5.6/en/innodb-troubleshooting-datadict.html
InnoDB: for how to resolve the issue.
2023-06-21 15:03:10 9236 [ERROR] InnoDB: Table escola/funcionarios in the InnoDB data dictionary has tablespace id 16, but tablespace with that id or name does not exist. Have you deleted or moved .ibd files? This may also be a table created with CREATE TEMPORARY TABLE whose .ibd and .frm files MySQL automatically removed, but the table still exists in the InnoDB internal data dictionary.
InnoDB: Please refer to
InnoDB: http://dev.mysql.com/doc/refman/5.6/en/innodb-troubleshooting-datadict.html
InnoDB: for how to resolve the issue.
2023-06-21 15:03:10 9236 [Note] InnoDB: 128 rollback segment(s) are active.
2023-06-21 15:03:10 9236 [Note] InnoDB: Waiting for purge to start
2023-06-21 15:03:10 9236 [Note] InnoDB: 5.6.13 started; log sequence number 1885147
2023-06-21 15:03:10 9236 [Note] Server hostname (bind-address): '*'; port: 3307
2023-06-21 15:03:10 9236 [Note] IPv6 is available.
2023-06-21 15:03:10 9236 [Note]   - '::' resolves to '::';
2023-06-21 15:03:10 9236 [Note] Server socket created on IP: '::'.
2023-06-22 11:08:37 16212 [Note] Plugin 'FEDERATED' is disabled.
2023-06-22 11:08:37 16212 [Note] InnoDB: The InnoDB memory heap is disabled
2023-06-22 11:08:37 16212 [Note] InnoDB: Mutexes and rw_locks use Windows interlocked functions
2023-06-22 11:08:37 16212 [Note] InnoDB: Compressed tables use zlib 1.2.3
2023-06-22 11:08:37 16212 [Note] InnoDB: Not using CPU crc32 instructions
2023-06-22 11:08:37 16212 [Note] InnoDB: Initializing buffer pool, size = 128.0M
2023-06-22 11:08:37 16212 [Note] InnoDB: Completed initialization of buffer pool
2023-06-22 11:08:37 16212 [Note] InnoDB: Highest supported file format is Barracuda.
2023-06-22 11:08:37 16212 [Note] InnoDB: The log sequence numbers 1626134 and 1626134 in ibdata files do not match the log sequence number 1885157 in the ib_logfiles!
2023-06-22 11:08:37 16212 [Note] InnoDB: Database was not shutdown normally!
2023-06-22 11:08:37 16212 [Note] InnoDB: Starting crash recovery.
2023-06-22 11:08:37 16212 [Note] InnoDB: Reading tablespace information from the .ibd files...
2023-06-22 11:08:37 16212 [Note] InnoDB: Restoring possible half-written data pages 
2023-06-22 11:08:37 16212 [Note] InnoDB: from the doublewrite buffer...
2023-06-22 11:08:37 16212 [ERROR] InnoDB: Table aula1/alunos in the InnoDB data dictionary has tablespace id 10, but tablespace with that id or name does not exist. Have you deleted or moved .ibd files? This may also be a table created with CREATE TEMPORARY TABLE whose .ibd and .frm files MySQL automatically removed, but the table still exists in the InnoDB internal data dictionary.
InnoDB: Please refer to
InnoDB: http://dev.mysql.com/doc/refman/5.6/en/innodb-troubleshooting-datadict.html
InnoDB: for how to resolve the issue.
2023-06-22 11:08:37 16212 [ERROR] InnoDB: Table cliente/fornecedor in the InnoDB data dictionary has tablespace id 8, but tablespace with that id or name does not exist. Have you deleted or moved .ibd files? This may also be a table created with CREATE TEMPORARY TABLE whose .ibd and .frm files MySQL automatically removed, but the table still exists in the InnoDB internal data dictionary.
InnoDB: Please refer to
InnoDB: http://dev.mysql.com/doc/refman/5.6/en/innodb-troubleshooting-datadict.html
InnoDB: for how to resolve the issue.
2023-06-22 11:08:37 16212 [ERROR] InnoDB: Table cliente/funcionario in the InnoDB data dictionary has tablespace id 13, but tablespace with that id or name does not exist. Have you deleted or moved .ibd files? This may also be a table created with CREATE TEMPORARY TABLE whose .ibd and .frm files MySQL automatically removed, but the table still exists in the InnoDB internal data dictionary.
InnoDB: Please refer to
InnoDB: http://dev.mysql.com/doc/refman/5.6/en/innodb-troubleshooting-datadict.html
InnoDB: for how to resolve the issue.
2023-06-22 11:08:37 16212 [ERROR] InnoDB: Table cliente/produto in the InnoDB data dictionary has tablespace id 12, but tablespace with that id or name does not exist. Have you deleted or moved .ibd files? This may also be a table created with CREATE TEMPORARY TABLE whose .ibd and .frm files MySQL automatically removed, but the table still exists in the InnoDB internal data dictionary.
InnoDB: Please refer to
InnoDB: http://dev.mysql.com/doc/refman/5.6/en/innodb-troubleshooting-datadict.html
InnoDB: for how to resolve the issue.
2023-06-22 11:08:37 16212 [ERROR] InnoDB: Table cliente/vendas in the InnoDB data dictionary has tablespace id 11, but tablespace with that id or name does not exist. Have you deleted or moved .ibd files? This may also be a table created with CREATE TEMPORARY TABLE whose .ibd and .frm files MySQL automatically removed, but the table still exists in the InnoDB internal data dictionary.
InnoDB: Please refer to
InnoDB: http://dev.mysql.com/doc/refman/5.6/en/innodb-troubleshooting-datadict.html
InnoDB: for how to resolve the issue.
2023-06-22 11:08:37 16212 [ERROR] InnoDB: Table cliente1/alunos in the InnoDB data dictionary has tablespace id 14, but tablespace with that id or name does not exist. Have you deleted or moved .ibd files? This may also be a table created with CREATE TEMPORARY TABLE whose .ibd and .frm files MySQL automatically removed, but the table still exists in the InnoDB internal data dictionary.
InnoDB: Please refer to
InnoDB: http://dev.mysql.com/doc/refman/5.6/en/innodb-troubleshooting-datadict.html
InnoDB: for how to resolve the issue.
2023-06-22 11:08:37 16212 [ERROR] InnoDB: Table escola/alunos in the InnoDB data dictionary has tablespace id 15, but tablespace with that id or name does not exist. Have you deleted or moved .ibd files? This may also be a table created with CREATE TEMPORARY TABLE whose .ibd and .frm files MySQL automatically removed, but the table still exists in the InnoDB internal data dictionary.
InnoDB: Please refer to
InnoDB: http://dev.mysql.com/doc/refman/5.6/en/innodb-troubleshooting-datadict.html
InnoDB: for how to resolve the issue.
2023-06-22 11:08:37 16212 [ERROR] InnoDB: Table escola/funcionarios in the InnoDB data dictionary has tablespace id 16, but tablespace with that id or name does not exist. Have you deleted or moved .ibd files? This may also be a table created with CREATE TEMPORARY TABLE whose .ibd and .frm files MySQL automatically removed, but the table still exists in the InnoDB internal data dictionary.
InnoDB: Please refer to
InnoDB: http://dev.mysql.com/doc/refman/5.6/en/innodb-troubleshooting-datadict.html
InnoDB: for how to resolve the issue.
2023-06-22 11:08:37 16212 [Note] InnoDB: 128 rollback segment(s) are active.
2023-06-22 11:08:37 16212 [Note] InnoDB: Waiting for purge to start
2023-06-22 11:08:37 16212 [Note] InnoDB: 5.6.13 started; log sequence number 1885157
2023-06-22 11:08:37 16212 [Note] Server hostname (bind-address): '*'; port: 3307
2023-06-22 11:08:37 16212 [Note] IPv6 is available.
2023-06-22 11:08:37 16212 [Note]   - '::' resolves to '::';
2023-06-22 11:08:37 16212 [Note] Server socket created on IP: '::'.
2023-06-23 20:16:29 21704 [Note] Plugin 'FEDERATED' is disabled.
2023-06-23 20:16:29 21704 [Note] InnoDB: The InnoDB memory heap is disabled
2023-06-23 20:16:29 21704 [Note] InnoDB: Mutexes and rw_locks use Windows interlocked functions
2023-06-23 20:16:29 21704 [Note] InnoDB: Compressed tables use zlib 1.2.3
2023-06-23 20:16:29 21704 [Note] InnoDB: Not using CPU crc32 instructions
2023-06-23 20:16:29 21704 [Note] InnoDB: Initializing buffer pool, size = 128.0M
2023-06-23 20:16:29 21704 [Note] InnoDB: Completed initialization of buffer pool
2023-06-23 20:16:29 21704 [Note] InnoDB: Highest supported file format is Barracuda.
2023-06-23 20:16:29 21704 [Note] InnoDB: The log sequence numbers 1626134 and 1626134 in ibdata files do not match the log sequence number 1885167 in the ib_logfiles!
2023-06-23 20:16:29 21704 [Note] InnoDB: Database was not shutdown normally!
2023-06-23 20:16:29 21704 [Note] InnoDB: Starting crash recovery.
2023-06-23 20:16:29 21704 [Note] InnoDB: Reading tablespace information from the .ibd files...
2023-06-23 20:16:29 21704 [Note] InnoDB: Restoring possible half-written data pages 
2023-06-23 20:16:29 21704 [Note] InnoDB: from the doublewrite buffer...
2023-06-23 20:16:29 21704 [ERROR] InnoDB: Table aula1/alunos in the InnoDB data dictionary has tablespace id 10, but tablespace with that id or name does not exist. Have you deleted or moved .ibd files? This may also be a table created with CREATE TEMPORARY TABLE whose .ibd and .frm files MySQL automatically removed, but the table still exists in the InnoDB internal data dictionary.
InnoDB: Please refer to
InnoDB: http://dev.mysql.com/doc/refman/5.6/en/innodb-troubleshooting-datadict.html
InnoDB: for how to resolve the issue.
2023-06-23 20:16:29 21704 [ERROR] InnoDB: Table cliente/fornecedor in the InnoDB data dictionary has tablespace id 8, but tablespace with that id or name does not exist. Have you deleted or moved .ibd files? This may also be a table created with CREATE TEMPORARY TABLE whose .ibd and .frm files MySQL automatically removed, but the table still exists in the InnoDB internal data dictionary.
InnoDB: Please refer to
InnoDB: http://dev.mysql.com/doc/refman/5.6/en/innodb-troubleshooting-datadict.html
InnoDB: for how to resolve the issue.
2023-06-23 20:16:29 21704 [ERROR] InnoDB: Table cliente/funcionario in the InnoDB data dictionary has tablespace id 13, but tablespace with that id or name does not exist. Have you deleted or moved .ibd files? This may also be a table created with CREATE TEMPORARY TABLE whose .ibd and .frm files MySQL automatically removed, but the table still exists in the InnoDB internal data dictionary.
InnoDB: Please refer to
InnoDB: http://dev.mysql.com/doc/refman/5.6/en/innodb-troubleshooting-datadict.html
InnoDB: for how to resolve the issue.
2023-06-23 20:16:29 21704 [ERROR] InnoDB: Table cliente/produto in the InnoDB data dictionary has tablespace id 12, but tablespace with that id or name does not exist. Have you deleted or moved .ibd files? This may also be a table created with CREATE TEMPORARY TABLE whose .ibd and .frm files MySQL automatically removed, but the table still exists in the InnoDB internal data dictionary.
InnoDB: Please refer to
InnoDB: http://dev.mysql.com/doc/refman/5.6/en/innodb-troubleshooting-datadict.html
InnoDB: for how to resolve the issue.
2023-06-23 20:16:29 21704 [ERROR] InnoDB: Table cliente/vendas in the InnoDB data dictionary has tablespace id 11, but tablespace with that id or name does not exist. Have you deleted or moved .ibd files? This may also be a table created with CREATE TEMPORARY TABLE whose .ibd and .frm files MySQL automatically removed, but the table still exists in the InnoDB internal data dictionary.
InnoDB: Please refer to
InnoDB: http://dev.mysql.com/doc/refman/5.6/en/innodb-troubleshooting-datadict.html
InnoDB: for how to resolve the issue.
2023-06-23 20:16:29 21704 [ERROR] InnoDB: Table cliente1/alunos in the InnoDB data dictionary has tablespace id 14, but tablespace with that id or name does not exist. Have you deleted or moved .ibd files? This may also be a table created with CREATE TEMPORARY TABLE whose .ibd and .frm files MySQL automatically removed, but the table still exists in the InnoDB internal data dictionary.
InnoDB: Please refer to
InnoDB: http://dev.mysql.com/doc/refman/5.6/en/innodb-troubleshooting-datadict.html
InnoDB: for how to resolve the issue.
2023-06-23 20:16:29 21704 [ERROR] InnoDB: Table escola/alunos in the InnoDB data dictionary has tablespace id 15, but tablespace with that id or name does not exist. Have you deleted or moved .ibd files? This may also be a table created with CREATE TEMPORARY TABLE whose .ibd and .frm files MySQL automatically removed, but the table still exists in the InnoDB internal data dictionary.
InnoDB: Please refer to
InnoDB: http://dev.mysql.com/doc/refman/5.6/en/innodb-troubleshooting-datadict.html
InnoDB: for how to resolve the issue.
2023-06-23 20:16:29 21704 [ERROR] InnoDB: Table escola/funcionarios in the InnoDB data dictionary has tablespace id 16, but tablespace with that id or name does not exist. Have you deleted or moved .ibd files? This may also be a table created with CREATE TEMPORARY TABLE whose .ibd and .frm files MySQL automatically removed, but the table still exists in the InnoDB internal data dictionary.
InnoDB: Please refer to
InnoDB: http://dev.mysql.com/doc/refman/5.6/en/innodb-troubleshooting-datadict.html
InnoDB: for how to resolve the issue.
2023-06-23 20:16:29 21704 [Note] InnoDB: 128 rollback segment(s) are active.
2023-06-23 20:16:29 21704 [Note] InnoDB: Waiting for purge to start
2023-06-23 20:16:29 21704 [Note] InnoDB: 5.6.13 started; log sequence number 1885167
2023-06-23 20:16:29 21704 [Note] Server hostname (bind-address): '*'; port: 3307
2023-06-23 20:16:29 21704 [Note] IPv6 is available.
2023-06-23 20:16:29 21704 [Note]   - '::' resolves to '::';
2023-06-23 20:16:29 21704 [Note] Server socket created on IP: '::'.
2023-06-26 10:21:44 5176 [Note] Plugin 'FEDERATED' is disabled.
2023-06-26 10:21:44 5176 [Note] InnoDB: The InnoDB memory heap is disabled
2023-06-26 10:21:44 5176 [Note] InnoDB: Mutexes and rw_locks use Windows interlocked functions
2023-06-26 10:21:44 5176 [Note] InnoDB: Compressed tables use zlib 1.2.3
2023-06-26 10:21:44 5176 [Note] InnoDB: Not using CPU crc32 instructions
2023-06-26 10:21:44 5176 [Note] InnoDB: Initializing buffer pool, size = 128.0M
2023-06-26 10:21:44 5176 [Note] InnoDB: Completed initialization of buffer pool
2023-06-26 10:21:44 5176 [Note] InnoDB: Highest supported file format is Barracuda.
2023-06-26 10:21:44 5176 [Note] InnoDB: The log sequence numbers 1626134 and 1626134 in ibdata files do not match the log sequence number 1893840 in the ib_logfiles!
2023-06-26 10:21:44 5176 [Note] InnoDB: Database was not shutdown normally!
2023-06-26 10:21:44 5176 [Note] InnoDB: Starting crash recovery.
2023-06-26 10:21:44 5176 [Note] InnoDB: Reading tablespace information from the .ibd files...
2023-06-26 10:21:44 5176 [Note] InnoDB: Restoring possible half-written data pages 
2023-06-26 10:21:44 5176 [Note] InnoDB: from the doublewrite buffer...
2023-06-26 10:21:45 5176 [ERROR] InnoDB: Table aula1/alunos in the InnoDB data dictionary has tablespace id 10, but tablespace with that id or name does not exist. Have you deleted or moved .ibd files? This may also be a table created with CREATE TEMPORARY TABLE whose .ibd and .frm files MySQL automatically removed, but the table still exists in the InnoDB internal data dictionary.
InnoDB: Please refer to
InnoDB: http://dev.mysql.com/doc/refman/5.6/en/innodb-troubleshooting-datadict.html
InnoDB: for how to resolve the issue.
2023-06-26 10:21:45 5176 [ERROR] InnoDB: Table cliente/fornecedor in the InnoDB data dictionary has tablespace id 8, but tablespace with that id or name does not exist. Have you deleted or moved .ibd files? This may also be a table created with CREATE TEMPORARY TABLE whose .ibd and .frm files MySQL automatically removed, but the table still exists in the InnoDB internal data dictionary.
InnoDB: Please refer to
InnoDB: http://dev.mysql.com/doc/refman/5.6/en/innodb-troubleshooting-datadict.html
InnoDB: for how to resolve the issue.
2023-06-26 10:21:45 5176 [ERROR] InnoDB: Table cliente/funcionario in the InnoDB data dictionary has tablespace id 13, but tablespace with that id or name does not exist. Have you deleted or moved .ibd files? This may also be a table created with CREATE TEMPORARY TABLE whose .ibd and .frm files MySQL automatically removed, but the table still exists in the InnoDB internal data dictionary.
InnoDB: Please refer to
InnoDB: http://dev.mysql.com/doc/refman/5.6/en/innodb-troubleshooting-datadict.html
InnoDB: for how to resolve the issue.
2023-06-26 10:21:45 5176 [ERROR] InnoDB: Table cliente/produto in the InnoDB data dictionary has tablespace id 12, but tablespace with that id or name does not exist. Have you deleted or moved .ibd files? This may also be a table created with CREATE TEMPORARY TABLE whose .ibd and .frm files MySQL automatically removed, but the table still exists in the InnoDB internal data dictionary.
InnoDB: Please refer to
InnoDB: http://dev.mysql.com/doc/refman/5.6/en/innodb-troubleshooting-datadict.html
InnoDB: for how to resolve the issue.
2023-06-26 10:21:45 5176 [ERROR] InnoDB: Table cliente/vendas in the InnoDB data dictionary has tablespace id 11, but tablespace with that id or name does not exist. Have you deleted or moved .ibd files? This may also be a table created with CREATE TEMPORARY TABLE whose .ibd and .frm files MySQL automatically removed, but the table still exists in the InnoDB internal data dictionary.
InnoDB: Please refer to
InnoDB: http://dev.mysql.com/doc/refman/5.6/en/innodb-troubleshooting-datadict.html
InnoDB: for how to resolve the issue.
2023-06-26 10:21:45 5176 [ERROR] InnoDB: Table cliente1/alunos in the InnoDB data dictionary has tablespace id 14, but tablespace with that id or name does not exist. Have you deleted or moved .ibd files? This may also be a table created with CREATE TEMPORARY TABLE whose .ibd and .frm files MySQL automatically removed, but the table still exists in the InnoDB internal data dictionary.
InnoDB: Please refer to
InnoDB: http://dev.mysql.com/doc/refman/5.6/en/innodb-troubleshooting-datadict.html
InnoDB: for how to resolve the issue.
2023-06-26 10:21:45 5176 [ERROR] InnoDB: Table escola/alunos in the InnoDB data dictionary has tablespace id 15, but tablespace with that id or name does not exist. Have you deleted or moved .ibd files? This may also be a table created with CREATE TEMPORARY TABLE whose .ibd and .frm files MySQL automatically removed, but the table still exists in the InnoDB internal data dictionary.
InnoDB: Please refer to
InnoDB: http://dev.mysql.com/doc/refman/5.6/en/innodb-troubleshooting-datadict.html
InnoDB: for how to resolve the issue.
2023-06-26 10:21:45 5176 [ERROR] InnoDB: Table escola/funcionarios in the InnoDB data dictionary has tablespace id 16, but tablespace with that id or name does not exist. Have you deleted or moved .ibd files? This may also be a table created with CREATE TEMPORARY TABLE whose .ibd and .frm files MySQL automatically removed, but the table still exists in the InnoDB internal data dictionary.
InnoDB: Please refer to
InnoDB: http://dev.mysql.com/doc/refman/5.6/en/innodb-troubleshooting-datadict.html
InnoDB: for how to resolve the issue.
2023-06-26 10:21:45 5176 [Note] InnoDB: 128 rollback segment(s) are active.
2023-06-26 10:21:45 5176 [Note] InnoDB: Waiting for purge to start
2023-06-26 10:21:45 5176 [Note] InnoDB: 5.6.13 started; log sequence number 1893840
2023-06-26 10:21:45 5176 [Note] Server hostname (bind-address): '*'; port: 3307
2023-06-26 10:21:45 5176 [Note] IPv6 is available.
2023-06-26 10:21:45 5176 [Note]   - '::' resolves to '::';
2023-06-26 10:21:45 5176 [Note] Server socket created on IP: '::'.
2023-06-27 11:57:40 1044 [Note] Plugin 'FEDERATED' is disabled.
2023-06-27 11:57:40 1044 [Note] InnoDB: The InnoDB memory heap is disabled
2023-06-27 11:57:40 1044 [Note] InnoDB: Mutexes and rw_locks use Windows interlocked functions
2023-06-27 11:57:40 1044 [Note] InnoDB: Compressed tables use zlib 1.2.3
2023-06-27 11:57:40 1044 [Note] InnoDB: Not using CPU crc32 instructions
2023-06-27 11:57:40 1044 [Note] InnoDB: Initializing buffer pool, size = 128.0M
2023-06-27 11:57:40 1044 [Note] InnoDB: Completed initialization of buffer pool
2023-06-27 11:57:40 1044 [Note] InnoDB: Highest supported file format is Barracuda.
2023-06-27 11:57:40 1044 [Note] InnoDB: The log sequence numbers 1626134 and 1626134 in ibdata files do not match the log sequence number 1897136 in the ib_logfiles!
2023-06-27 11:57:40 1044 [Note] InnoDB: Database was not shutdown normally!
2023-06-27 11:57:40 1044 [Note] InnoDB: Starting crash recovery.
2023-06-27 11:57:40 1044 [Note] InnoDB: Reading tablespace information from the .ibd files...
2023-06-27 11:57:40 1044 [Note] InnoDB: Restoring possible half-written data pages 
2023-06-27 11:57:40 1044 [Note] InnoDB: from the doublewrite buffer...
2023-06-27 11:57:40 1044 [ERROR] InnoDB: Table aula1/alunos in the InnoDB data dictionary has tablespace id 10, but tablespace with that id or name does not exist. Have you deleted or moved .ibd files? This may also be a table created with CREATE TEMPORARY TABLE whose .ibd and .frm files MySQL automatically removed, but the table still exists in the InnoDB internal data dictionary.
InnoDB: Please refer to
InnoDB: http://dev.mysql.com/doc/refman/5.6/en/innodb-troubleshooting-datadict.html
InnoDB: for how to resolve the issue.
2023-06-27 11:57:40 1044 [ERROR] InnoDB: Table cliente/fornecedor in the InnoDB data dictionary has tablespace id 8, but tablespace with that id or name does not exist. Have you deleted or moved .ibd files? This may also be a table created with CREATE TEMPORARY TABLE whose .ibd and .frm files MySQL automatically removed, but the table still exists in the InnoDB internal data dictionary.
InnoDB: Please refer to
InnoDB: http://dev.mysql.com/doc/refman/5.6/en/innodb-troubleshooting-datadict.html
InnoDB: for how to resolve the issue.
2023-06-27 11:57:40 1044 [ERROR] InnoDB: Table cliente/funcionario in the InnoDB data dictionary has tablespace id 13, but tablespace with that id or name does not exist. Have you deleted or moved .ibd files? This may also be a table created with CREATE TEMPORARY TABLE whose .ibd and .frm files MySQL automatically removed, but the table still exists in the InnoDB internal data dictionary.
InnoDB: Please refer to
InnoDB: http://dev.mysql.com/doc/refman/5.6/en/innodb-troubleshooting-datadict.html
InnoDB: for how to resolve the issue.
2023-06-27 11:57:40 1044 [ERROR] InnoDB: Table cliente/produto in the InnoDB data dictionary has tablespace id 12, but tablespace with that id or name does not exist. Have you deleted or moved .ibd files? This may also be a table created with CREATE TEMPORARY TABLE whose .ibd and .frm files MySQL automatically removed, but the table still exists in the InnoDB internal data dictionary.
InnoDB: Please refer to
InnoDB: http://dev.mysql.com/doc/refman/5.6/en/innodb-troubleshooting-datadict.html
InnoDB: for how to resolve the issue.
2023-06-27 11:57:40 1044 [ERROR] InnoDB: Table cliente/vendas in the InnoDB data dictionary has tablespace id 11, but tablespace with that id or name does not exist. Have you deleted or moved .ibd files? This may also be a table created with CREATE TEMPORARY TABLE whose .ibd and .frm files MySQL automatically removed, but the table still exists in the InnoDB internal data dictionary.
InnoDB: Please refer to
InnoDB: http://dev.mysql.com/doc/refman/5.6/en/innodb-troubleshooting-datadict.html
InnoDB: for how to resolve the issue.
2023-06-27 11:57:40 1044 [ERROR] InnoDB: Table cliente1/alunos in the InnoDB data dictionary has tablespace id 14, but tablespace with that id or name does not exist. Have you deleted or moved .ibd files? This may also be a table created with CREATE TEMPORARY TABLE whose .ibd and .frm files MySQL automatically removed, but the table still exists in the InnoDB internal data dictionary.
InnoDB: Please refer to
InnoDB: http://dev.mysql.com/doc/refman/5.6/en/innodb-troubleshooting-datadict.html
InnoDB: for how to resolve the issue.
2023-06-27 11:57:40 1044 [ERROR] InnoDB: Table escola/alunos in the InnoDB data dictionary has tablespace id 15, but tablespace with that id or name does not exist. Have you deleted or moved .ibd files? This may also be a table created with CREATE TEMPORARY TABLE whose .ibd and .frm files MySQL automatically removed, but the table still exists in the InnoDB internal data dictionary.
InnoDB: Please refer to
InnoDB: http://dev.mysql.com/doc/refman/5.6/en/innodb-troubleshooting-datadict.html
InnoDB: for how to resolve the issue.
2023-06-27 11:57:40 1044 [ERROR] InnoDB: Table escola/funcionarios in the InnoDB data dictionary has tablespace id 16, but tablespace with that id or name does not exist. Have you deleted or moved .ibd files? This may also be a table created with CREATE TEMPORARY TABLE whose .ibd and .frm files MySQL automatically removed, but the table still exists in the InnoDB internal data dictionary.
InnoDB: Please refer to
InnoDB: http://dev.mysql.com/doc/refman/5.6/en/innodb-troubleshooting-datadict.html
InnoDB: for how to resolve the issue.
2023-06-27 11:57:40 1044 [Note] InnoDB: 128 rollback segment(s) are active.
2023-06-27 11:57:40 1044 [Note] InnoDB: Waiting for purge to start
2023-06-27 11:57:40 1044 [Note] InnoDB: 5.6.13 started; log sequence number 1897136
2023-06-27 11:57:40 1044 [Note] Server hostname (bind-address): '*'; port: 3307
2023-06-27 11:57:40 1044 [Note] IPv6 is available.
2023-06-27 11:57:40 1044 [Note]   - '::' resolves to '::';
2023-06-27 11:57:40 1044 [Note] Server socket created on IP: '::'.
2023-06-27 13:31:25 24920 [Note] Plugin 'FEDERATED' is disabled.
2023-06-27 13:31:25 24920 [Note] InnoDB: The InnoDB memory heap is disabled
2023-06-27 13:31:25 24920 [Note] InnoDB: Mutexes and rw_locks use Windows interlocked functions
2023-06-27 13:31:25 24920 [Note] InnoDB: Compressed tables use zlib 1.2.3
2023-06-27 13:31:25 24920 [Note] InnoDB: Not using CPU crc32 instructions
2023-06-27 13:31:25 24920 [Note] InnoDB: Initializing buffer pool, size = 128.0M
2023-06-27 13:31:25 24920 [Note] InnoDB: Completed initialization of buffer pool
2023-06-27 13:31:25 24920 [Note] InnoDB: Highest supported file format is Barracuda.
2023-06-27 13:31:25 24920 [Note] InnoDB: The log sequence numbers 1626134 and 1626134 in ibdata files do not match the log sequence number 1897268 in the ib_logfiles!
2023-06-27 13:31:25 24920 [Note] InnoDB: Database was not shutdown normally!
2023-06-27 13:31:25 24920 [Note] InnoDB: Starting crash recovery.
2023-06-27 13:31:25 24920 [Note] InnoDB: Reading tablespace information from the .ibd files...
2023-06-27 13:31:25 24920 [Note] InnoDB: Restoring possible half-written data pages 
2023-06-27 13:31:25 24920 [Note] InnoDB: from the doublewrite buffer...
2023-06-27 13:31:25 24920 [ERROR] InnoDB: Table aula1/alunos in the InnoDB data dictionary has tablespace id 10, but tablespace with that id or name does not exist. Have you deleted or moved .ibd files? This may also be a table created with CREATE TEMPORARY TABLE whose .ibd and .frm files MySQL automatically removed, but the table still exists in the InnoDB internal data dictionary.
InnoDB: Please refer to
InnoDB: http://dev.mysql.com/doc/refman/5.6/en/innodb-troubleshooting-datadict.html
InnoDB: for how to resolve the issue.
2023-06-27 13:31:25 24920 [ERROR] InnoDB: Table cliente/fornecedor in the InnoDB data dictionary has tablespace id 8, but tablespace with that id or name does not exist. Have you deleted or moved .ibd files? This may also be a table created with CREATE TEMPORARY TABLE whose .ibd and .frm files MySQL automatically removed, but the table still exists in the InnoDB internal data dictionary.
InnoDB: Please refer to
InnoDB: http://dev.mysql.com/doc/refman/5.6/en/innodb-troubleshooting-datadict.html
InnoDB: for how to resolve the issue.
2023-06-27 13:31:25 24920 [ERROR] InnoDB: Table cliente/funcionario in the InnoDB data dictionary has tablespace id 13, but tablespace with that id or name does not exist. Have you deleted or moved .ibd files? This may also be a table created with CREATE TEMPORARY TABLE whose .ibd and .frm files MySQL automatically removed, but the table still exists in the InnoDB internal data dictionary.
InnoDB: Please refer to
InnoDB: http://dev.mysql.com/doc/refman/5.6/en/innodb-troubleshooting-datadict.html
InnoDB: for how to resolve the issue.
2023-06-27 13:31:25 24920 [ERROR] InnoDB: Table cliente/produto in the InnoDB data dictionary has tablespace id 12, but tablespace with that id or name does not exist. Have you deleted or moved .ibd files? This may also be a table created with CREATE TEMPORARY TABLE whose .ibd and .frm files MySQL automatically removed, but the table still exists in the InnoDB internal data dictionary.
InnoDB: Please refer to
InnoDB: http://dev.mysql.com/doc/refman/5.6/en/innodb-troubleshooting-datadict.html
InnoDB: for how to resolve the issue.
2023-06-27 13:31:25 24920 [ERROR] InnoDB: Table cliente/vendas in the InnoDB data dictionary has tablespace id 11, but tablespace with that id or name does not exist. Have you deleted or moved .ibd files? This may also be a table created with CREATE TEMPORARY TABLE whose .ibd and .frm files MySQL automatically removed, but the table still exists in the InnoDB internal data dictionary.
InnoDB: Please refer to
InnoDB: http://dev.mysql.com/doc/refman/5.6/en/innodb-troubleshooting-datadict.html
InnoDB: for how to resolve the issue.
2023-06-27 13:31:25 24920 [ERROR] InnoDB: Table cliente1/alunos in the InnoDB data dictionary has tablespace id 14, but tablespace with that id or name does not exist. Have you deleted or moved .ibd files? This may also be a table created with CREATE TEMPORARY TABLE whose .ibd and .frm files MySQL automatically removed, but the table still exists in the InnoDB internal data dictionary.
InnoDB: Please refer to
InnoDB: http://dev.mysql.com/doc/refman/5.6/en/innodb-troubleshooting-datadict.html
InnoDB: for how to resolve the issue.
2023-06-27 13:31:25 24920 [ERROR] InnoDB: Table escola/alunos in the InnoDB data dictionary has tablespace id 15, but tablespace with that id or name does not exist. Have you deleted or moved .ibd files? This may also be a table created with CREATE TEMPORARY TABLE whose .ibd and .frm files MySQL automatically removed, but the table still exists in the InnoDB internal data dictionary.
InnoDB: Please refer to
InnoDB: http://dev.mysql.com/doc/refman/5.6/en/innodb-troubleshooting-datadict.html
InnoDB: for how to resolve the issue.
2023-06-27 13:31:25 24920 [ERROR] InnoDB: Table escola/funcionarios in the InnoDB data dictionary has tablespace id 16, but tablespace with that id or name does not exist. Have you deleted or moved .ibd files? This may also be a table created with CREATE TEMPORARY TABLE whose .ibd and .frm files MySQL automatically removed, but the table still exists in the InnoDB internal data dictionary.
InnoDB: Please refer to
InnoDB: http://dev.mysql.com/doc/refman/5.6/en/innodb-troubleshooting-datadict.html
InnoDB: for how to resolve the issue.
2023-06-27 13:31:25 24920 [Note] InnoDB: 128 rollback segment(s) are active.
2023-06-27 13:31:25 24920 [Note] InnoDB: Waiting for purge to start
2023-06-27 13:31:25 24920 [Note] InnoDB: 5.6.13 started; log sequence number 1897268
2023-06-27 13:31:25 24920 [Note] Server hostname (bind-address): '*'; port: 3307
2023-06-27 13:31:25 24920 [Note] IPv6 is available.
2023-06-27 13:31:25 24920 [Note]   - '::' resolves to '::';
2023-06-27 13:31:25 24920 [Note] Server socket created on IP: '::'.
